<?xml version="1.0" encoding="UTF-8"?>
<!-- Generated by org.testng.reporters.JUnitReportReporter -->
<testsuite hostname="DESKTOP-CHSPPV5" failures="0" tests="7" name="demo.survey.s2cRegression" time="42.919" errors="0" timestamp="2020-03-22T19:47:54 IST" skipped="0">
  <testcase classname="demo.survey.s2cRegression" name="checkPreviousButtton" time="4.010"/>
  <system-out/>
  <testcase classname="demo.survey.s2cRegression" name="submitFormNegative" time="3.597"/>
  <system-out/>
  <testcase classname="demo.survey.s2cRegression" name="submitFormPositive" time="5.762"/>
  <system-out/>
  <testcase classname="demo.survey.s2cRegression" name="submitFormPositive" time="5.494"/>
  <system-out/>
  <testcase classname="demo.survey.s2cRegression" name="submitFormNegative" time="4.811"/>
  <system-out/>
  <testcase classname="demo.survey.s2cRegression" name="checkTitle" time="16.848"/>
  <system-out/>
  <testcase classname="demo.survey.s2cRegression" name="submitFormNegative" time="2.397"/>
  <system-out/>
</testsuite> <!-- demo.survey.s2cRegression -->
